<?xml version="1.0" encoding="UTF-8"?>
<!-- Generated by org.testng.reporters.JUnitReportReporter -->
<testsuite hostname="DESKTOP-2L3GFFQ" failures="0" tests="3" name="TestNG_saurce_demo.Test_case_02" time="10.619" errors="0" timestamp="2023-11-01T19:31:13 IST" skipped="0">
  <testcase classname="TestNG_saurce_demo.Test_case_02" name="invalidlogin" time="5.507"/>
  <testcase classname="TestNG_saurce_demo.Test_case_02" name="invalidlogin" time="2.829"/>
  <testcase classname="TestNG_saurce_demo.Test_case_02" name="invalidlogin" time="2.283"/>
  <system-out>
    <![CDATA[loginexecution is pass
loginexecution is pass
loginexecution is pass
invalidloginexecution is pass
invalidloginexecution is pass
invalidloginexecution is pass]]>
  </system-out>
</testsuite> <!-- TestNG_saurce_demo.Test_case_02 -->
