<?xml version="1.0" encoding="UTF-8"?>
<!-- Generated by org.testng.reporters.JUnitReportReporter -->
<testsuite hostname="DESKTOP-2L3GFFQ" failures="0" tests="1" name="Data_provider_automation.verify_field" time="12.156" errors="0" timestamp="2023-10-25T16:22:11 IST" skipped="0">
  <testcase classname="Data_provider_automation.verify_field" name="testLogin" time="12.156"/>
  <system-out>
    <![CDATA[Hello World!]]>
  </system-out>
</testsuite> <!-- Data_provider_automation.verify_field -->
