<?xml version="1.0" encoding="UTF-8"?>
<!-- Generated by org.testng.reporters.JUnitReportReporter -->
<testsuite hostname="DESKTOP-2L3GFFQ" failures="0" tests="2" name="testNG.all_methods_run" time="0.017" errors="0" timestamp="2023-10-21T20:56:04 IST" skipped="0">
  <testcase classname="testNG.all_methods_run" name="test_01" time="0.015">
    <system-out>
      <![CDATA[Test_01 method exected]]>
    </system-out>
  </testcase> <!-- test_01 -->
  <testcase classname="testNG.all_methods_run" name="test_02" time="0.002">
    <system-out>
      <![CDATA[Test_01 method exected]]>
    </system-out>
  </testcase> <!-- test_02 -->
  <system-out>
    <![CDATA[Test_01 method exected
Test_01 method exected]]>
  </system-out>
</testsuite> <!-- testNG.all_methods_run -->
