<?xml version="1.0" encoding="UTF-8"?>
<!-- Generated by org.testng.reporters.JUnitReportReporter -->
<testsuite hostname="DESKTOP-2L3GFFQ" failures="0" tests="4" name="testNG.priority_methods" time="0.036" errors="0" timestamp="2023-10-21T21:04:36 IST" skipped="0">
  <testcase classname="testNG.priority_methods" name="createAccount" time="0.021">
    <system-out>
      <![CDATA[create account method exected]]>
    </system-out>
  </testcase> <!-- createAccount -->
  <testcase classname="testNG.priority_methods" name="editAccount" time="0.004">
    <system-out>
      <![CDATA[edit account method exected]]>
    </system-out>
  </testcase> <!-- editAccount -->
  <testcase classname="testNG.priority_methods" name="deleteAccount" time="0.004">
    <system-out>
      <![CDATA[delete account method exected]]>
    </system-out>
  </testcase> <!-- deleteAccount -->
  <testcase classname="testNG.priority_methods" name="saveAccount" time="0.007">
    <system-out>
      <![CDATA[save account method exected]]>
    </system-out>
  </testcase> <!-- saveAccount -->
  <system-out>
    <![CDATA[create account method exected
edit account method exected
delete account method exected
save account method exected]]>
  </system-out>
</testsuite> <!-- testNG.priority_methods -->
