<?xml version="1.0" encoding="UTF-8"?>
<!-- Generated by org.testng.reporters.JUnitReportReporter -->
<testsuite hostname="DESKTOP-2L3GFFQ" failures="0" tests="1" name="testNG.handle_exceptions" time="3.038" errors="0" timestamp="2023-10-21T21:27:15 IST" skipped="0">
  <testcase classname="testNG.handle_exceptions" name="signup" time="3.038"/>
</testsuite> <!-- testNG.handle_exceptions -->
