<?xml version="1.0" encoding="UTF-8"?>
<!-- Generated by org.testng.reporters.JUnitReportReporter -->
<testsuite hostname="DESKTOP-2L3GFFQ" failures="0" tests="2" name="testNG.dependends_methods" time="0.018" errors="0" timestamp="2023-10-21T21:19:36 IST" skipped="0">
  <testcase classname="testNG.dependends_methods" name="signup" time="0.015">
    <system-out>
      <![CDATA[signup methods executed]]>
    </system-out>
  </testcase> <!-- signup -->
  <testcase classname="testNG.dependends_methods" name="login" time="0.003">
    <system-out>
      <![CDATA[login methods executed]]>
    </system-out>
  </testcase> <!-- login -->
  <system-out>
    <![CDATA[signup methods executed
login methods executed]]>
  </system-out>
</testsuite> <!-- testNG.dependends_methods -->
