<?xml version="1.0" encoding="UTF-8"?>
<!-- Generated by org.testng.reporters.JUnitReportReporter -->
<testsuite hostname="DESKTOP-2L3GFFQ" failures="0" tests="1" name="testNG.Script_01" time="0.015" errors="0" timestamp="2023-10-21T20:49:52 IST" skipped="0">
  <testcase classname="testNG.Script_01" name="m1" time="0.015">
    <system-out>
      <![CDATA[hi]]>
    </system-out>
  </testcase> <!-- m1 -->
  <system-out>
    <![CDATA[hi]]>
  </system-out>
</testsuite> <!-- testNG.Script_01 -->
