<?xml version="1.0" encoding="UTF-8"?>
<!-- Generated by org.testng.reporters.JUnitReportReporter -->
<testsuite hostname="DESKTOP-2L3GFFQ" failures="0" tests="1" name="TestNG_verifaction.assert_equals" time="0.033" errors="0" timestamp="2023-10-24T08:27:38 IST" skipped="0">
  <testcase classname="TestNG_verifaction.assert_equals" name="test_01" time="0.033">
    <system-out>
      <![CDATA[jaishreeram]]>
    </system-out>
  </testcase> <!-- test_01 -->
  <system-out>
    <![CDATA[jaishreeram
method execution started
verifaction stared
verifaction complted
verifaction1 stared
verifaction1 complted
jumma]]>
  </system-out>
</testsuite> <!-- TestNG_verifaction.assert_equals -->
