<?xml version="1.0" encoding="UTF-8"?>
<!-- Generated by org.testng.reporters.JUnitReportReporter -->
<testsuite hostname="DESKTOP-2L3GFFQ" failures="0" tests="1" name="compatablity_testing.AtitimeLogin" time="15.573" errors="0" timestamp="2023-10-27T10:00:31 IST" skipped="0">
  <testcase classname="compatablity_testing.AtitimeLogin" name="testlogin" time="15.573"/>
  <system-out>
    <![CDATA[testloginexecution is pass]]>
  </system-out>
</testsuite> <!-- compatablity_testing.AtitimeLogin -->
