<?xml version="1.0" encoding="UTF-8"?>
<!-- Generated by org.testng.reporters.JUnitReportReporter -->
<testsuite hostname="DESKTOP-2L3GFFQ" failures="0" tests="4" name="testNG.dependends_on_group" time="0.022" errors="0" timestamp="2023-10-21T21:21:32 IST" skipped="0">
  <testcase classname="testNG.dependends_on_group" name="createAccount" time="0.016">
    <system-out>
      <![CDATA[create account method exected]]>
    </system-out>
  </testcase> <!-- createAccount -->
  <testcase classname="testNG.dependends_on_group" name="editAccount" time="0.003">
    <system-out>
      <![CDATA[edit account method exected]]>
    </system-out>
  </testcase> <!-- editAccount -->
  <testcase classname="testNG.dependends_on_group" name="saveAccount" time="0.002">
    <system-out>
      <![CDATA[save account method exected]]>
    </system-out>
  </testcase> <!-- saveAccount -->
  <testcase classname="testNG.dependends_on_group" name="deleteAccount" time="0.001">
    <system-out>
      <![CDATA[delete account method exected]]>
    </system-out>
  </testcase> <!-- deleteAccount -->
  <system-out>
    <![CDATA[create account method exected
delete account method exected
edit account method exected
save account method exected]]>
  </system-out>
</testsuite> <!-- testNG.dependends_on_group -->
