<?xml version="1.0" encoding="UTF-8"?>
<!-- Generated by org.testng.reporters.JUnitReportReporter -->
<testsuite hostname="DESKTOP-2L3GFFQ" failures="0" tests="1" name="testNG.descripition" time="0.019" errors="0" timestamp="2023-10-21T21:23:20 IST" skipped="0">
  <testcase classname="testNG.descripition" name="signup" time="0.019">
    <system-out>
      <![CDATA[signup methods executed]]>
    </system-out>
  </testcase> <!-- signup -->
  <system-out>
    <![CDATA[signup methods executed]]>
  </system-out>
</testsuite> <!-- testNG.descripition -->
