<?xml version="1.0" encoding="UTF-8"?>
<!-- Generated by org.testng.reporters.JUnitReportReporter -->
<testsuite hostname="DESKTOP-2L3GFFQ" failures="0" tests="1" name="TestNG_verifaction.Data_provider_facebook" time="13.533" errors="0" timestamp="2023-10-24T09:06:51 IST" skipped="0">
  <testcase classname="TestNG_verifaction.Data_provider_facebook" name="testLogin" time="13.533"/>
</testsuite> <!-- TestNG_verifaction.Data_provider_facebook -->
