<?xml version="1.0" encoding="UTF-8"?>
<!-- Generated by org.testng.reporters.JUnitReportReporter -->
<testsuite hostname="DESKTOP-2L3GFFQ" failures="0" tests="3" name="Data_provider_automation.logo_verify" time="6.570" errors="0" timestamp="2023-10-25T16:22:11 IST" skipped="0">
  <testcase classname="Data_provider_automation.logo_verify" name="verify_text" time="0.041"/>
  <testcase classname="Data_provider_automation.logo_verify" name="text_field" time="0.395">
    <system-out>
      <![CDATA[Hello World!]]>
    </system-out>
  </testcase> <!-- text_field -->
  <testcase classname="Data_provider_automation.logo_verify" name="logo" time="6.134"/>
  <system-out>
    <![CDATA[Hello World!]]>
  </system-out>
</testsuite> <!-- Data_provider_automation.logo_verify -->
