<?xml version="1.0" encoding="UTF-8"?>
<!-- Generated by org.testng.reporters.JUnitReportReporter -->
<testsuite hostname="DESKTOP-2L3GFFQ" failures="0" tests="1" name="TestNG_verifaction.NewTest" time="0.012" errors="0" timestamp="2023-10-25T16:26:20 IST" skipped="0">
  <testcase classname="TestNG_verifaction.NewTest" name="f" time="0.012">
    <system-out>
      <![CDATA[test method]]>
    </system-out>
  </testcase> <!-- f -->
  <system-out>
    <![CDATA[before suite
before test
before class
before method
test method
after method
after class
after test
after suite]]>
  </system-out>
</testsuite> <!-- TestNG_verifaction.NewTest -->
