<?xml version="1.0" encoding="UTF-8"?>
<!-- Generated by org.testng.reporters.JUnitReportReporter -->
<testsuite hostname="DESKTOP-2L3GFFQ" failures="0" tests="3" name="TestNG_saurce_demo.Test_case_01" time="18.030" errors="0" timestamp="2023-11-01T19:31:13 IST" skipped="0">
  <testcase classname="TestNG_saurce_demo.Test_case_01" name="login" time="8.874"/>
  <testcase classname="TestNG_saurce_demo.Test_case_01" name="login" time="5.976"/>
  <testcase classname="TestNG_saurce_demo.Test_case_01" name="login" time="3.180"/>
  <system-out>
    <![CDATA[loginexecution is pass
loginexecution is pass
loginexecution is pass
invalidloginexecution is pass
invalidloginexecution is pass
invalidloginexecution is pass]]>
  </system-out>
</testsuite> <!-- TestNG_saurce_demo.Test_case_01 -->
