<?xml version="1.0" encoding="UTF-8"?>
<!-- Generated by org.testng.reporters.JUnitReportReporter -->
<testsuite hostname="DESKTOP-2L3GFFQ" failures="0" tests="4" name="testNG.skip_methods" time="0.030" errors="0" timestamp="2023-10-21T21:08:52 IST" skipped="1">
  <testcase classname="testNG.skip_methods" name="saveAccount" time="0.003">
    <system-out>
      <![CDATA[save account method exected]]>
    </system-out>
  </testcase> <!-- saveAccount -->
  <testcase classname="testNG.skip_methods" name="editAccount" time="0.007">
    <system-out>
      <![CDATA[edit account method exected]]>
    </system-out>
  </testcase> <!-- editAccount -->
  <testcase classname="testNG.skip_methods" name="createAccount" time="0.020">
    <system-out>
      <![CDATA[create account method exected]]>
    </system-out>
  </testcase> <!-- createAccount -->
  <testcase classname="testNG.skip_methods" name="deleteAccount">
    <skipped/>
  </testcase> <!-- deleteAccount -->
  <system-out>
    <![CDATA[create account method exected
edit account method exected
save account method exected]]>
  </system-out>
</testsuite> <!-- testNG.skip_methods -->
