<?xml version="1.0" encoding="UTF-8"?>
<!-- Generated by org.testng.reporters.JUnitReportReporter -->
<testsuite hostname="DESKTOP-2L3GFFQ" failures="0" tests="5" name="testNG.invocation_Count_keyword" time="0.033" errors="0" timestamp="2023-10-21T21:07:18 IST" skipped="0">
  <testcase classname="testNG.invocation_Count_keyword" name="createAccount" time="0.004">
    <system-out>
      <![CDATA[create account method exected]]>
    </system-out>
  </testcase> <!-- createAccount -->
  <testcase classname="testNG.invocation_Count_keyword" name="createAccount" time="0.003">
    <system-out>
      <![CDATA[create account method exected]]>
    </system-out>
  </testcase> <!-- createAccount -->
  <testcase classname="testNG.invocation_Count_keyword" name="createAccount" time="0.004">
    <system-out>
      <![CDATA[create account method exected]]>
    </system-out>
  </testcase> <!-- createAccount -->
  <testcase classname="testNG.invocation_Count_keyword" name="createAccount" time="0.002">
    <system-out>
      <![CDATA[create account method exected]]>
    </system-out>
  </testcase> <!-- createAccount -->
  <testcase classname="testNG.invocation_Count_keyword" name="createAccount" time="0.020">
    <system-out>
      <![CDATA[create account method exected]]>
    </system-out>
  </testcase> <!-- createAccount -->
  <system-out>
    <![CDATA[create account method exected
create account method exected
create account method exected
create account method exected
create account method exected]]>
  </system-out>
</testsuite> <!-- testNG.invocation_Count_keyword -->
