<?xml version="1.0" encoding="UTF-8"?>
<!-- Generated by org.testng.reporters.JUnitReportReporter -->
<testsuite hostname="DESKTOP-2L3GFFQ" failures="0" tests="1" name="TestN_with_selenium.Script_01" time="0.020" errors="0" timestamp="2023-11-01T11:02:54 IST" skipped="0">
  <testcase classname="TestN_with_selenium.Script_01" name="login" time="0.020">
    <system-out>
      <![CDATA[login method]]>
    </system-out>
  </testcase> <!-- login -->
  <system-out>
    <![CDATA[login method]]>
  </system-out>
</testsuite> <!-- TestN_with_selenium.Script_01 -->
